<?xml version="1.0" encoding="UTF-8"?>
<testng-results skipped="0" failed="0" total="1" passed="1">
  <reporter-output>
  </reporter-output>
  <suite name="Default suite" duration-ms="8908" started-at="2023-10-20T10:41:58Z" finished-at="2023-10-20T10:42:07Z">
    <groups>
    </groups>
    <test name="Default test" duration-ms="8908" started-at="2023-10-20T10:41:58Z" finished-at="2023-10-20T10:42:07Z">
      <class name="stepDefinition.Verificiation_CICD">
        <test-method status="PASS" signature="open_browser()[pri:0, instance:stepDefinition.Verificiation_CICD@5ebec15]" name="open_browser" is-config="true" duration-ms="3662" started-at="2023-10-20T11:41:58Z" finished-at="2023-10-20T11:42:02Z">
          <reporter-output>
          </reporter-output>
        </test-method> <!-- open_browser -->
        <test-method status="PASS" signature="utilisateur_est_sur_la_page_d_acceuil()[pri:0, instance:stepDefinition.Verificiation_CICD@5ebec15]" name="utilisateur_est_sur_la_page_d_acceuil" duration-ms="5002" started-at="2023-10-20T11:42:02Z" finished-at="2023-10-20T11:42:07Z">
          <reporter-output>
          </reporter-output>
        </test-method> <!-- utilisateur_est_sur_la_page_d_acceuil -->
        <test-method status="PASS" signature="close_browser()[pri:0, instance:stepDefinition.Verificiation_CICD@5ebec15]" name="close_browser" is-config="true" duration-ms="237" started-at="2023-10-20T11:42:07Z" finished-at="2023-10-20T11:42:07Z">
          <reporter-output>
          </reporter-output>
        </test-method> <!-- close_browser -->
      </class> <!-- stepDefinition.Verificiation_CICD -->
    </test> <!-- Default test -->
  </suite> <!-- Default suite -->
</testng-results>
